<?xml version="1.0" encoding="UTF-8"?>
<testng-results skipped="0" failed="0" ignored="0" total="3" passed="3">
  <reporter-output>
  </reporter-output>
  <suite name="Default suite" duration-ms="1519" started-at="2020-10-25T15:05:41Z" finished-at="2020-10-25T15:05:42Z">
    <groups>
    </groups>
    <test name="Default test" duration-ms="1519" started-at="2020-10-25T15:05:41Z" finished-at="2020-10-25T15:05:42Z">
      <class name="StepDefinitions.BDD_FrameworkRunner">
        <test-method status="PASS" signature="api_for_foreign_exchange()[pri:0, instance:StepDefinitions.BDD_FrameworkRunner@4958a49c]" name="api_for_foreign_exchange" duration-ms="374" started-at="2020-10-25T20:35:41Z" finished-at="2020-10-25T20:35:41Z">
          <reporter-output>
          </reporter-output>
        </test-method> <!-- api_for_foreign_exchange -->
        <test-method status="PASS" signature="posted_with_correct_information()[pri:0, instance:StepDefinitions.BDD_FrameworkRunner@4958a49c]" name="posted_with_correct_information" duration-ms="1076" started-at="2020-10-25T20:35:41Z" finished-at="2020-10-25T20:35:42Z">
          <reporter-output>
          </reporter-output>
        </test-method> <!-- posted_with_correct_information -->
        <test-method status="PASS" signature="validate_positive_response_code_received()[pri:0, instance:StepDefinitions.BDD_FrameworkRunner@4958a49c]" name="validate_positive_response_code_received" duration-ms="52" started-at="2020-10-25T20:35:42Z" finished-at="2020-10-25T20:35:42Z">
          <reporter-output>
          </reporter-output>
        </test-method> <!-- validate_positive_response_code_received -->
      </class> <!-- StepDefinitions.BDD_FrameworkRunner -->
    </test> <!-- Default test -->
  </suite> <!-- Default suite -->
</testng-results>
