<?xml version="1.0" encoding="UTF-8"?>
<!-- Generated by org.testng.reporters.JUnitXMLReporter -->
<testsuite hostname="DESKTOP-7KT75FO" ignored="0" name="Default test" tests="3" failures="0" timestamp="25 Oct 2020 15:05:42 GMT" time="1.519" errors="0">
  <testcase name="api_for_foreign_exchange" time="0.374" classname="StepDefinitions.BDD_Framework"/>
  <testcase name="posted_with_correct_information" time="1.076" classname="StepDefinitions.BDD_Framework"/>
  <testcase name="validate_positive_response_code_received" time="0.052" classname="StepDefinitions.BDD_Framework"/>
</testsuite> <!-- Default test -->
